This file contains any messages produced by compilers while
running configure, to aid debugging if configure makes a mistake.

It was created by sqlite configure 3.38.5, which was
generated by GNU Autoconf 2.69.  Invocation command line was

  $ ./configure CC=/opt/pu300/host/usr/bin/powerpc-buildroot-linux-uclibcspe-gcc --host=arm-linux --prefix=/home/vmuser/sqlite3/sqlite

## --------- ##
## Platform. ##
## --------- ##

hostname = ubuntu
uname -m = i686
uname -r = 3.19.0-84-generic
uname -s = Linux
uname -v = #92-Ubuntu SMP Fri Mar 24 15:46:05 UTC 2017

/usr/bin/uname -p = unknown
/bin/uname -X     = unknown

/bin/arch              = unknown
/usr/bin/arch -k       = unknown
/usr/convex/getsysinfo = unknown
/usr/bin/hostinfo      = unknown
/bin/machine           = unknown
/usr/bin/oslevel       = unknown
/bin/universe          = unknown

PATH: /usr/local/sbin
PATH: /usr/local/bin
PATH: /usr/sbin
PATH: /usr/bin
PATH: /sbin
PATH: /bin
PATH: /usr/games
PATH: /usr/local/games


## ----------- ##
## Core tests. ##
## ----------- ##

configure:2351: checking for a BSD-compatible install
configure:2419: result: /usr/bin/install -c
configure:2430: checking whether build environment is sane
configure:2485: result: yes
configure:2544: checking for arm-linux-strip
configure:2574: result: no
configure:2584: checking for strip
configure:2600: found /usr/bin/strip
configure:2611: result: strip
configure:2636: checking for a thread-safe mkdir -p
configure:2675: result: /bin/mkdir -p
configure:2682: checking for gawk
configure:2712: result: no
configure:2682: checking for mawk
configure:2698: found /usr/bin/mawk
configure:2709: result: mawk
configure:2720: checking whether make sets $(MAKE)
configure:2742: result: yes
configure:2771: checking whether make supports nested variables
configure:2788: result: yes
configure:2927: checking for style of include used by make
configure:2955: result: GNU
configure:2986: checking for arm-linux-gcc
configure:3013: result: /opt/pu300/host/usr/bin/powerpc-buildroot-linux-uclibcspe-gcc
configure:3282: checking for C compiler version
configure:3291: /opt/pu300/host/usr/bin/powerpc-buildroot-linux-uclibcspe-gcc --version >&5
powerpc-buildroot-linux-uclibcspe-gcc (Buildroot 2015.08.1) 4.9.3
Copyright (C) 2015 Free Software Foundation, Inc.
This is free software; see the source for copying conditions.  There is NO
warranty; not even for MERCHANTABILITY or FITNESS FOR A PARTICULAR PURPOSE.

configure:3302: $? = 0
configure:3291: /opt/pu300/host/usr/bin/powerpc-buildroot-linux-uclibcspe-gcc -v >&5
Using built-in specs.
COLLECT_GCC=/opt/pu300/host/usr/bin/powerpc-buildroot-linux-uclibcspe-gcc
COLLECT_LTO_WRAPPER=/opt/pu300/host/usr/bin/../libexec/gcc/powerpc-buildroot-linux-uclibcspe/4.9.3/lto-wrapper
Target: powerpc-buildroot-linux-uclibcspe
Configured with: ./configure --prefix=/home/yang/yang/buildroot-2015.08.1/output/host/usr --sysconfdir=/home/yang/yang/buildroot-2015.08.1/output/host/etc --enable-static --target=powerpc-buildroot-linux-uclibcspe --with-sysroot=/home/yang/yang/buildroot-2015.08.1/output/host/usr/powerpc-buildroot-linux-uclibcspe/sysroot --disable-__cxa_atexit --with-gnu-ld --disable-libssp --disable-multilib --with-gmp=/home/yang/yang/buildroot-2015.08.1/output/host/usr --with-mpfr=/home/yang/yang/buildroot-2015.08.1/output/host/usr --with-pkgversion='Buildroot 2015.08.1' --with-bugurl=http://bugs.buildroot.net/ --disable-libsanitizer --enable-tls --disable-libmudflap --enable-threads --with-mpc=/home/yang/yang/buildroot-2015.08.1/output/host/usr --without-isl --without-cloog --disable-decimal-float --with-cpu=8548 --enable-e500_double --with-long-double-128 --enable-languages=c,c++ --enable-poison-system-directories --with-build-time-tools=/home/yang/yang/buildroot-2015.08.1/output/host/usr/powerpc-buildroot-linux-uclibcspe/bin --enable-shared --disable-libgomp
Thread model: posix
gcc version 4.9.3 (Buildroot 2015.08.1) 
configure:3302: $? = 0
configure:3291: /opt/pu300/host/usr/bin/powerpc-buildroot-linux-uclibcspe-gcc -V >&5
powerpc-buildroot-linux-uclibcspe-gcc: error: unrecognized command line option '-V'
powerpc-buildroot-linux-uclibcspe-gcc: fatal error: no input files
compilation terminated.
configure:3302: $? = 1
configure:3291: /opt/pu300/host/usr/bin/powerpc-buildroot-linux-uclibcspe-gcc -qversion >&5
powerpc-buildroot-linux-uclibcspe-gcc: error: unrecognized command line option '-qversion'
powerpc-buildroot-linux-uclibcspe-gcc: fatal error: no input files
compilation terminated.
configure:3302: $? = 1
configure:3322: checking whether the C compiler works
configure:3344: /opt/pu300/host/usr/bin/powerpc-buildroot-linux-uclibcspe-gcc    conftest.c  >&5
configure:3348: $? = 0
configure:3396: result: yes
configure:3399: checking for C compiler default output file name
configure:3401: result: a.out
configure:3407: checking for suffix of executables
configure:3414: /opt/pu300/host/usr/bin/powerpc-buildroot-linux-uclibcspe-gcc -o conftest    conftest.c  >&5
configure:3418: $? = 0
configure:3440: result: 
configure:3462: checking whether we are cross compiling
configure:3470: /opt/pu300/host/usr/bin/powerpc-buildroot-linux-uclibcspe-gcc -o conftest    conftest.c  >&5
configure:3474: $? = 0
configure:3481: ./conftest
./configure: line 3483: ./conftest: cannot execute binary file: Exec format error
configure:3485: $? = 126
configure:3500: result: yes
configure:3505: checking for suffix of object files
configure:3527: /opt/pu300/host/usr/bin/powerpc-buildroot-linux-uclibcspe-gcc -c   conftest.c >&5
configure:3531: $? = 0
configure:3552: result: o
configure:3556: checking whether we are using the GNU C compiler
configure:3575: /opt/pu300/host/usr/bin/powerpc-buildroot-linux-uclibcspe-gcc -c   conftest.c >&5
configure:3575: $? = 0
configure:3584: result: yes
configure:3593: checking whether /opt/pu300/host/usr/bin/powerpc-buildroot-linux-uclibcspe-gcc accepts -g
configure:3613: /opt/pu300/host/usr/bin/powerpc-buildroot-linux-uclibcspe-gcc -c -g  conftest.c >&5
configure:3613: $? = 0
configure:3654: result: yes
configure:3671: checking for /opt/pu300/host/usr/bin/powerpc-buildroot-linux-uclibcspe-gcc option to accept ISO C89
configure:3734: /opt/pu300/host/usr/bin/powerpc-buildroot-linux-uclibcspe-gcc  -c -g -O2  conftest.c >&5
configure:3734: $? = 0
configure:3747: result: none needed
configure:3772: checking whether /opt/pu300/host/usr/bin/powerpc-buildroot-linux-uclibcspe-gcc understands -c and -o together
configure:3794: /opt/pu300/host/usr/bin/powerpc-buildroot-linux-uclibcspe-gcc -c conftest.c -o conftest2.o
configure:3797: $? = 0
configure:3794: /opt/pu300/host/usr/bin/powerpc-buildroot-linux-uclibcspe-gcc -c conftest.c -o conftest2.o
configure:3797: $? = 0
configure:3809: result: yes
configure:3828: checking dependency style of /opt/pu300/host/usr/bin/powerpc-buildroot-linux-uclibcspe-gcc
configure:3939: result: gcc3
configure:3962: checking for special C compiler options needed for large files
configure:4007: result: no
configure:4013: checking for _FILE_OFFSET_BITS value needed for large files
configure:4038: /opt/pu300/host/usr/bin/powerpc-buildroot-linux-uclibcspe-gcc -c -g -O2  conftest.c >&5
conftest.c:17:7: error: size of array 'off_t_is_large' is negative
   int off_t_is_large[(LARGE_OFF_T % 2147483629 == 721
       ^
configure:4038: $? = 1
configure: failed program was:
| /* confdefs.h */
| #define PACKAGE_NAME "sqlite"
| #define PACKAGE_TARNAME "sqlite"
| #define PACKAGE_VERSION "3.38.5"
| #define PACKAGE_STRING "sqlite 3.38.5"
| #define PACKAGE_BUGREPORT "http://www.sqlite.org"
| #define PACKAGE_URL ""
| #define PACKAGE "sqlite"
| #define VERSION "3.38.5"
| /* end confdefs.h.  */
| #include <sys/types.h>
|  /* Check that off_t can represent 2**63 - 1 correctly.
|     We can't simply define LARGE_OFF_T to be 9223372036854775807,
|     since some C++ compilers masquerading as C compilers
|     incorrectly reject 9223372036854775807.  */
| #define LARGE_OFF_T ((((off_t) 1 << 31) << 31) - 1 + (((off_t) 1 << 31) << 31))
|   int off_t_is_large[(LARGE_OFF_T % 2147483629 == 721
| 		       && LARGE_OFF_T % 2147483647 == 1)
| 		      ? 1 : -1];
| int
| main ()
| {
| 
|   ;
|   return 0;
| }
configure:4062: /opt/pu300/host/usr/bin/powerpc-buildroot-linux-uclibcspe-gcc -c -g -O2  conftest.c >&5
configure:4062: $? = 0
configure:4070: result: 64
configure:4165: checking for arm-linux-gcc
configure:4192: result: /opt/pu300/host/usr/bin/powerpc-buildroot-linux-uclibcspe-gcc
configure:4461: checking for C compiler version
configure:4470: /opt/pu300/host/usr/bin/powerpc-buildroot-linux-uclibcspe-gcc --version >&5
powerpc-buildroot-linux-uclibcspe-gcc (Buildroot 2015.08.1) 4.9.3
Copyright (C) 2015 Free Software Foundation, Inc.
This is free software; see the source for copying conditions.  There is NO
warranty; not even for MERCHANTABILITY or FITNESS FOR A PARTICULAR PURPOSE.

configure:4481: $? = 0
configure:4470: /opt/pu300/host/usr/bin/powerpc-buildroot-linux-uclibcspe-gcc -v >&5
Using built-in specs.
COLLECT_GCC=/opt/pu300/host/usr/bin/powerpc-buildroot-linux-uclibcspe-gcc
COLLECT_LTO_WRAPPER=/opt/pu300/host/usr/bin/../libexec/gcc/powerpc-buildroot-linux-uclibcspe/4.9.3/lto-wrapper
Target: powerpc-buildroot-linux-uclibcspe
Configured with: ./configure --prefix=/home/yang/yang/buildroot-2015.08.1/output/host/usr --sysconfdir=/home/yang/yang/buildroot-2015.08.1/output/host/etc --enable-static --target=powerpc-buildroot-linux-uclibcspe --with-sysroot=/home/yang/yang/buildroot-2015.08.1/output/host/usr/powerpc-buildroot-linux-uclibcspe/sysroot --disable-__cxa_atexit --with-gnu-ld --disable-libssp --disable-multilib --with-gmp=/home/yang/yang/buildroot-2015.08.1/output/host/usr --with-mpfr=/home/yang/yang/buildroot-2015.08.1/output/host/usr --with-pkgversion='Buildroot 2015.08.1' --with-bugurl=http://bugs.buildroot.net/ --disable-libsanitizer --enable-tls --disable-libmudflap --enable-threads --with-mpc=/home/yang/yang/buildroot-2015.08.1/output/host/usr --without-isl --without-cloog --disable-decimal-float --with-cpu=8548 --enable-e500_double --with-long-double-128 --enable-languages=c,c++ --enable-poison-system-directories --with-build-time-tools=/home/yang/yang/buildroot-2015.08.1/output/host/usr/powerpc-buildroot-linux-uclibcspe/bin --enable-shared --disable-libgomp
Thread model: posix
gcc version 4.9.3 (Buildroot 2015.08.1) 
configure:4481: $? = 0
configure:4470: /opt/pu300/host/usr/bin/powerpc-buildroot-linux-uclibcspe-gcc -V >&5
powerpc-buildroot-linux-uclibcspe-gcc: error: unrecognized command line option '-V'
powerpc-buildroot-linux-uclibcspe-gcc: fatal error: no input files
compilation terminated.
configure:4481: $? = 1
configure:4470: /opt/pu300/host/usr/bin/powerpc-buildroot-linux-uclibcspe-gcc -qversion >&5
powerpc-buildroot-linux-uclibcspe-gcc: error: unrecognized command line option '-qversion'
powerpc-buildroot-linux-uclibcspe-gcc: fatal error: no input files
compilation terminated.
configure:4481: $? = 1
configure:4485: checking whether we are using the GNU C compiler
configure:4513: result: yes
configure:4522: checking whether /opt/pu300/host/usr/bin/powerpc-buildroot-linux-uclibcspe-gcc accepts -g
configure:4583: result: yes
configure:4600: checking for /opt/pu300/host/usr/bin/powerpc-buildroot-linux-uclibcspe-gcc option to accept ISO C89
configure:4676: result: none needed
configure:4701: checking whether /opt/pu300/host/usr/bin/powerpc-buildroot-linux-uclibcspe-gcc understands -c and -o together
configure:4738: result: yes
configure:4757: checking dependency style of /opt/pu300/host/usr/bin/powerpc-buildroot-linux-uclibcspe-gcc
configure:4868: result: gcc3
configure:4912: checking build system type
configure:4926: result: i686-pc-linux-uclibc
configure:4946: checking host system type
configure:4959: result: arm-unknown-linux-gnu
configure:5000: checking how to print strings
configure:5027: result: printf
configure:5048: checking for a sed that does not truncate output
configure:5112: result: /bin/sed
configure:5130: checking for grep that handles long lines and -e
configure:5188: result: /bin/grep
configure:5193: checking for egrep
configure:5255: result: /bin/grep -E
configure:5260: checking for fgrep
configure:5322: result: /bin/grep -F
configure:5357: checking for ld used by /opt/pu300/host/usr/bin/powerpc-buildroot-linux-uclibcspe-gcc
configure:5424: result: /opt/pu300/host/usr/powerpc-buildroot-linux-uclibcspe/bin/ld
configure:5431: checking if the linker (/opt/pu300/host/usr/powerpc-buildroot-linux-uclibcspe/bin/ld) is GNU ld
configure:5446: result: yes
configure:5458: checking for BSD- or MS-compatible name lister (nm)
configure:5512: result: no
configure:5526: checking for arm-linux-dumpbin
configure:5556: result: no
configure:5526: checking for arm-linux-link
configure:5556: result: no
configure:5570: checking for dumpbin
configure:5600: result: no
configure:5570: checking for link
configure:5586: found /usr/bin/link
configure:5597: result: link -dump
configure:5613: WARNING: using cross tools not prefixed with host triplet
configure:5642: checking the name lister (nm) interface
configure:5649: /opt/pu300/host/usr/bin/powerpc-buildroot-linux-uclibcspe-gcc -c -g -O2  conftest.c >&5
configure:5652: nm "conftest.o"
configure:5655: output
00000000 S some_variable
configure:5662: result: BSD nm
configure:5665: checking whether ln -s works
configure:5672: result: no, using cp -pR
configure:5677: checking the maximum length of command line arguments
configure:5808: result: 1572864
configure:5856: checking how to convert i686-pc-linux-uclibc file names to arm-unknown-linux-gnu format
configure:5896: result: func_convert_file_noop
configure:5903: checking how to convert i686-pc-linux-uclibc file names to toolchain format
configure:5923: result: func_convert_file_noop
configure:5930: checking for /opt/pu300/host/usr/powerpc-buildroot-linux-uclibcspe/bin/ld option to reload object files
configure:5937: result: -r
configure:5971: checking for arm-linux-objdump
configure:6001: result: no
configure:6011: checking for objdump
configure:6027: found /usr/bin/objdump
configure:6038: result: objdump
configure:6070: checking how to recognize dependent libraries
configure:6270: result: pass_all
configure:6315: checking for arm-linux-dlltool
configure:6345: result: no
configure:6355: checking for dlltool
configure:6385: result: no
configure:6415: checking how to associate runtime and link libraries
configure:6442: result: printf %s\n
configure:6458: checking for arm-linux-ar
configure:6488: result: no
configure:6502: checking for ar
configure:6518: found /usr/bin/ar
configure:6529: result: ar
configure:6566: checking for archiver @FILE support
configure:6583: /opt/pu300/host/usr/bin/powerpc-buildroot-linux-uclibcspe-gcc -c -g -O2  conftest.c >&5
configure:6583: $? = 0
configure:6586: ar cru libconftest.a @conftest.lst >&5
configure:6589: $? = 0
configure:6594: ar cru libconftest.a @conftest.lst >&5
ar: conftest.o: No such file or directory
configure:6597: $? = 1
configure:6609: result: @
configure:6627: checking for arm-linux-strip
configure:6654: result: strip
configure:6726: checking for arm-linux-ranlib
configure:6756: result: no
configure:6766: checking for ranlib
configure:6782: found /usr/bin/ranlib
configure:6793: result: ranlib
configure:6895: checking command to parse nm output from /opt/pu300/host/usr/bin/powerpc-buildroot-linux-uclibcspe-gcc object
configure:7048: /opt/pu300/host/usr/bin/powerpc-buildroot-linux-uclibcspe-gcc -c -g -O2  conftest.c >&5
configure:7051: $? = 0
configure:7055: nm conftest.o \| sed -n -e 's/^.*[ ]\([ABCDGIRSTW][ABCDGIRSTW]*\)[ ][ ]*\([_A-Za-z][_A-Za-z0-9]*\)$/\1 \2 \2/p' | sed '/ __gnu_lto/d' \> conftest.nm
configure:7058: $? = 0
configure:7124: /opt/pu300/host/usr/bin/powerpc-buildroot-linux-uclibcspe-gcc -o conftest -g -O2   conftest.c conftstm.o >&5
configure:7127: $? = 0
configure:7165: result: ok
configure:7212: checking for sysroot
configure:7242: result: no
configure:7249: checking for a working dd
configure:7287: result: /bin/dd
configure:7291: checking how to truncate binary pipes
configure:7306: result: /bin/dd bs=4096 count=1
configure:7595: checking for arm-linux-mt
configure:7625: result: no
configure:7635: checking for mt
configure:7651: found /bin/mt
configure:7662: result: mt
configure:7685: checking if mt is a manifest tool
configure:7691: mt '-?'
configure:7699: result: no
configure:8376: checking how to run the C preprocessor
configure:8407: /opt/pu300/host/usr/bin/powerpc-buildroot-linux-uclibcspe-gcc -E  conftest.c
configure:8407: $? = 0
configure:8421: /opt/pu300/host/usr/bin/powerpc-buildroot-linux-uclibcspe-gcc -E  conftest.c
conftest.c:12:28: fatal error: ac_nonexistent.h: No such file or directory
 #include <ac_nonexistent.h>
                            ^
compilation terminated.
configure:8421: $? = 1
configure: failed program was:
| /* confdefs.h */
| #define PACKAGE_NAME "sqlite"
| #define PACKAGE_TARNAME "sqlite"
| #define PACKAGE_VERSION "3.38.5"
| #define PACKAGE_STRING "sqlite 3.38.5"
| #define PACKAGE_BUGREPORT "http://www.sqlite.org"
| #define PACKAGE_URL ""
| #define PACKAGE "sqlite"
| #define VERSION "3.38.5"
| #define _FILE_OFFSET_BITS 64
| /* end confdefs.h.  */
| #include <ac_nonexistent.h>
configure:8446: result: /opt/pu300/host/usr/bin/powerpc-buildroot-linux-uclibcspe-gcc -E
configure:8466: /opt/pu300/host/usr/bin/powerpc-buildroot-linux-uclibcspe-gcc -E  conftest.c
configure:8466: $? = 0
configure:8480: /opt/pu300/host/usr/bin/powerpc-buildroot-linux-uclibcspe-gcc -E  conftest.c
conftest.c:12:28: fatal error: ac_nonexistent.h: No such file or directory
 #include <ac_nonexistent.h>
                            ^
compilation terminated.
configure:8480: $? = 1
configure: failed program was:
| /* confdefs.h */
| #define PACKAGE_NAME "sqlite"
| #define PACKAGE_TARNAME "sqlite"
| #define PACKAGE_VERSION "3.38.5"
| #define PACKAGE_STRING "sqlite 3.38.5"
| #define PACKAGE_BUGREPORT "http://www.sqlite.org"
| #define PACKAGE_URL ""
| #define PACKAGE "sqlite"
| #define VERSION "3.38.5"
| #define _FILE_OFFSET_BITS 64
| /* end confdefs.h.  */
| #include <ac_nonexistent.h>
configure:8509: checking for ANSI C header files
configure:8529: /opt/pu300/host/usr/bin/powerpc-buildroot-linux-uclibcspe-gcc -c -g -O2  conftest.c >&5
configure:8529: $? = 0
configure:8613: result: yes
configure:8626: checking for sys/types.h
configure:8626: /opt/pu300/host/usr/bin/powerpc-buildroot-linux-uclibcspe-gcc -c -g -O2  conftest.c >&5
configure:8626: $? = 0
configure:8626: result: yes
configure:8626: checking for sys/stat.h
configure:8626: /opt/pu300/host/usr/bin/powerpc-buildroot-linux-uclibcspe-gcc -c -g -O2  conftest.c >&5
configure:8626: $? = 0
configure:8626: result: yes
configure:8626: checking for stdlib.h
configure:8626: /opt/pu300/host/usr/bin/powerpc-buildroot-linux-uclibcspe-gcc -c -g -O2  conftest.c >&5
configure:8626: $? = 0
configure:8626: result: yes
configure:8626: checking for string.h
configure:8626: /opt/pu300/host/usr/bin/powerpc-buildroot-linux-uclibcspe-gcc -c -g -O2  conftest.c >&5
configure:8626: $? = 0
configure:8626: result: yes
configure:8626: checking for memory.h
configure:8626: /opt/pu300/host/usr/bin/powerpc-buildroot-linux-uclibcspe-gcc -c -g -O2  conftest.c >&5
configure:8626: $? = 0
configure:8626: result: yes
configure:8626: checking for strings.h
configure:8626: /opt/pu300/host/usr/bin/powerpc-buildroot-linux-uclibcspe-gcc -c -g -O2  conftest.c >&5
configure:8626: $? = 0
configure:8626: result: yes
configure:8626: checking for inttypes.h
configure:8626: /opt/pu300/host/usr/bin/powerpc-buildroot-linux-uclibcspe-gcc -c -g -O2  conftest.c >&5
configure:8626: $? = 0
configure:8626: result: yes
configure:8626: checking for stdint.h
configure:8626: /opt/pu300/host/usr/bin/powerpc-buildroot-linux-uclibcspe-gcc -c -g -O2  conftest.c >&5
configure:8626: $? = 0
configure:8626: result: yes
configure:8626: checking for unistd.h
configure:8626: /opt/pu300/host/usr/bin/powerpc-buildroot-linux-uclibcspe-gcc -c -g -O2  conftest.c >&5
configure:8626: $? = 0
configure:8626: result: yes
configure:8640: checking for dlfcn.h
configure:8640: /opt/pu300/host/usr/bin/powerpc-buildroot-linux-uclibcspe-gcc -c -g -O2  conftest.c >&5
configure:8640: $? = 0
configure:8640: result: yes
configure:8896: checking for objdir
configure:8911: result: .libs
configure:9171: checking if /opt/pu300/host/usr/bin/powerpc-buildroot-linux-uclibcspe-gcc supports -fno-rtti -fno-exceptions
configure:9189: /opt/pu300/host/usr/bin/powerpc-buildroot-linux-uclibcspe-gcc -c -g -O2  -fno-rtti -fno-exceptions conftest.c >&5
cc1: warning: command line option '-fno-rtti' is valid for C++/ObjC++ but not for C
configure:9193: $? = 0
configure:9206: result: no
configure:9564: checking for /opt/pu300/host/usr/bin/powerpc-buildroot-linux-uclibcspe-gcc option to produce PIC
configure:9571: result: -fPIC -DPIC
configure:9579: checking if /opt/pu300/host/usr/bin/powerpc-buildroot-linux-uclibcspe-gcc PIC flag -fPIC -DPIC works
configure:9597: /opt/pu300/host/usr/bin/powerpc-buildroot-linux-uclibcspe-gcc -c -g -O2  -fPIC -DPIC -DPIC conftest.c >&5
configure:9601: $? = 0
configure:9614: result: yes
configure:9643: checking if /opt/pu300/host/usr/bin/powerpc-buildroot-linux-uclibcspe-gcc static flag -static works
configure:9671: result: yes
configure:9686: checking if /opt/pu300/host/usr/bin/powerpc-buildroot-linux-uclibcspe-gcc supports -c -o file.o
configure:9707: /opt/pu300/host/usr/bin/powerpc-buildroot-linux-uclibcspe-gcc -c -g -O2  -o out/conftest2.o conftest.c >&5
configure:9711: $? = 0
configure:9733: result: yes
configure:9741: checking if /opt/pu300/host/usr/bin/powerpc-buildroot-linux-uclibcspe-gcc supports -c -o file.o
configure:9788: result: yes
configure:9821: checking whether the /opt/pu300/host/usr/bin/powerpc-buildroot-linux-uclibcspe-gcc linker (/opt/pu300/host/usr/powerpc-buildroot-linux-uclibcspe/bin/ld) supports shared libraries
configure:11084: result: yes
configure:11121: checking whether -lc should be explicitly linked in
configure:11129: /opt/pu300/host/usr/bin/powerpc-buildroot-linux-uclibcspe-gcc -c -g -O2  conftest.c >&5
configure:11132: $? = 0
configure:11147: /opt/pu300/host/usr/bin/powerpc-buildroot-linux-uclibcspe-gcc -shared  -fPIC -DPIC conftest.o  -v -Wl,-soname -Wl,conftest -o conftest 2\>\&1 \| /bin/grep  -lc  \>/dev/null 2\>\&1
configure:11150: $? = 0
configure:11164: result: no
configure:11324: checking dynamic linker characteristics
configure:11905: /opt/pu300/host/usr/bin/powerpc-buildroot-linux-uclibcspe-gcc -o conftest -g -O2   -Wl,-rpath -Wl,/foo conftest.c  >&5
configure:11905: $? = 0
configure:12154: result: GNU/Linux ld.so
configure:12276: checking how to hardcode library paths into programs
configure:12301: result: immediate
configure:12849: checking whether stripping libraries is possible
configure:12854: result: yes
configure:12889: checking if libtool supports shared libraries
configure:12891: result: yes
configure:12894: checking whether to build shared libraries
configure:12919: result: yes
configure:12922: checking whether to build static libraries
configure:12926: result: yes
configure:12969: checking for fdatasync
configure:12969: /opt/pu300/host/usr/bin/powerpc-buildroot-linux-uclibcspe-gcc -o conftest -g -O2   conftest.c  >&5
configure:12969: $? = 0
configure:12969: result: yes
configure:12969: checking for usleep
configure:12969: /opt/pu300/host/usr/bin/powerpc-buildroot-linux-uclibcspe-gcc -o conftest -g -O2   conftest.c  >&5
configure:12969: $? = 0
configure:12969: result: yes
configure:12969: checking for fullfsync
configure:12969: /opt/pu300/host/usr/bin/powerpc-buildroot-linux-uclibcspe-gcc -o conftest -g -O2   conftest.c  >&5
/tmp/ccbCwLdo.o: In function `main':
/mnt/hgfs/LLF/2021/6月/底层/sqlite/sqlite-autoconf-3380500/conftest.c:60: undefined reference to `fullfsync'
collect2: error: ld returned 1 exit status
configure:12969: $? = 1
configure: failed program was:
| /* confdefs.h */
| #define PACKAGE_NAME "sqlite"
| #define PACKAGE_TARNAME "sqlite"
| #define PACKAGE_VERSION "3.38.5"
| #define PACKAGE_STRING "sqlite 3.38.5"
| #define PACKAGE_BUGREPORT "http://www.sqlite.org"
| #define PACKAGE_URL ""
| #define PACKAGE "sqlite"
| #define VERSION "3.38.5"
| #define _FILE_OFFSET_BITS 64
| #define STDC_HEADERS 1
| #define HAVE_SYS_TYPES_H 1
| #define HAVE_SYS_STAT_H 1
| #define HAVE_STDLIB_H 1
| #define HAVE_STRING_H 1
| #define HAVE_MEMORY_H 1
| #define HAVE_STRINGS_H 1
| #define HAVE_INTTYPES_H 1
| #define HAVE_STDINT_H 1
| #define HAVE_UNISTD_H 1
| #define HAVE_DLFCN_H 1
| #define LT_OBJDIR ".libs/"
| #define HAVE_FDATASYNC 1
| #define HAVE_USLEEP 1
| /* end confdefs.h.  */
| /* Define fullfsync to an innocuous variant, in case <limits.h> declares fullfsync.
|    For example, HP-UX 11i <limits.h> declares gettimeofday.  */
| #define fullfsync innocuous_fullfsync
| 
| /* System header to define __stub macros and hopefully few prototypes,
|     which can conflict with char fullfsync (); below.
|     Prefer <limits.h> to <assert.h> if __STDC__ is defined, since
|     <limits.h> exists even on freestanding compilers.  */
| 
| #ifdef __STDC__
| # include <limits.h>
| #else
| # include <assert.h>
| #endif
| 
| #undef fullfsync
| 
| /* Override any GCC internal prototype to avoid an error.
|    Use char because int might match the return type of a GCC
|    builtin and then its argument prototype would still apply.  */
| #ifdef __cplusplus
| extern "C"
| #endif
| char fullfsync ();
| /* The GNU C library defines this for functions which it implements
|     to always fail with ENOSYS.  Some functions are actually named
|     something starting with __ and the normal name is an alias.  */
| #if defined __stub_fullfsync || defined __stub___fullfsync
| choke me
| #endif
| 
| int
| main ()
| {
| return fullfsync ();
|   ;
|   return 0;
| }
configure:12969: result: no
configure:12969: checking for localtime_r
configure:12969: /opt/pu300/host/usr/bin/powerpc-buildroot-linux-uclibcspe-gcc -o conftest -g -O2   conftest.c  >&5
configure:12969: $? = 0
configure:12969: result: yes
configure:12969: checking for gmtime_r
configure:12969: /opt/pu300/host/usr/bin/powerpc-buildroot-linux-uclibcspe-gcc -o conftest -g -O2   conftest.c  >&5
configure:12969: $? = 0
configure:12969: result: yes
configure:12978: checking whether strerror_r is declared
configure:12978: /opt/pu300/host/usr/bin/powerpc-buildroot-linux-uclibcspe-gcc -c -g -O2  conftest.c >&5
configure:12978: $? = 0
configure:12978: result: yes
configure:12991: checking for strerror_r
configure:12991: /opt/pu300/host/usr/bin/powerpc-buildroot-linux-uclibcspe-gcc -o conftest -g -O2   conftest.c  >&5
configure:12991: $? = 0
configure:12991: result: yes
configure:13000: checking whether strerror_r returns char *
configure:13024: /opt/pu300/host/usr/bin/powerpc-buildroot-linux-uclibcspe-gcc -c -g -O2  conftest.c >&5
conftest.c: In function 'main':
conftest.c:68:13: error: invalid type argument of unary '*' (have 'int')
    char x = *strerror_r (0, buf, sizeof buf);
             ^
conftest.c:69:14: warning: initialization makes pointer from integer without a cast
    char *p = strerror_r (0, buf, sizeof buf);
              ^
configure:13024: $? = 1
configure: failed program was:
| /* confdefs.h */
| #define PACKAGE_NAME "sqlite"
| #define PACKAGE_TARNAME "sqlite"
| #define PACKAGE_VERSION "3.38.5"
| #define PACKAGE_STRING "sqlite 3.38.5"
| #define PACKAGE_BUGREPORT "http://www.sqlite.org"
| #define PACKAGE_URL ""
| #define PACKAGE "sqlite"
| #define VERSION "3.38.5"
| #define _FILE_OFFSET_BITS 64
| #define STDC_HEADERS 1
| #define HAVE_SYS_TYPES_H 1
| #define HAVE_SYS_STAT_H 1
| #define HAVE_STDLIB_H 1
| #define HAVE_STRING_H 1
| #define HAVE_MEMORY_H 1
| #define HAVE_STRINGS_H 1
| #define HAVE_INTTYPES_H 1
| #define HAVE_STDINT_H 1
| #define HAVE_UNISTD_H 1
| #define HAVE_DLFCN_H 1
| #define LT_OBJDIR ".libs/"
| #define HAVE_FDATASYNC 1
| #define HAVE_USLEEP 1
| #define HAVE_LOCALTIME_R 1
| #define HAVE_GMTIME_R 1
| #define HAVE_DECL_STRERROR_R 1
| #define HAVE_STRERROR_R 1
| /* end confdefs.h.  */
| #include <stdio.h>
| #ifdef HAVE_SYS_TYPES_H
| # include <sys/types.h>
| #endif
| #ifdef HAVE_SYS_STAT_H
| # include <sys/stat.h>
| #endif
| #ifdef STDC_HEADERS
| # include <stdlib.h>
| # include <stddef.h>
| #else
| # ifdef HAVE_STDLIB_H
| #  include <stdlib.h>
| # endif
| #endif
| #ifdef HAVE_STRING_H
| # if !defined STDC_HEADERS && defined HAVE_MEMORY_H
| #  include <memory.h>
| # endif
| # include <string.h>
| #endif
| #ifdef HAVE_STRINGS_H
| # include <strings.h>
| #endif
| #ifdef HAVE_INTTYPES_H
| # include <inttypes.h>
| #endif
| #ifdef HAVE_STDINT_H
| # include <stdint.h>
| #endif
| #ifdef HAVE_UNISTD_H
| # include <unistd.h>
| #endif
| int
| main ()
| {
| 
| 	  char buf[100];
| 	  char x = *strerror_r (0, buf, sizeof buf);
| 	  char *p = strerror_r (0, buf, sizeof buf);
| 	  return !p || x;
| 
|   ;
|   return 0;
| }
configure:13062: result: no
configure:13107: checking editline/readline.h usability
configure:13107: /opt/pu300/host/usr/bin/powerpc-buildroot-linux-uclibcspe-gcc -c -g -O2  conftest.c >&5
conftest.c:63:31: fatal error: editline/readline.h: No such file or directory
 #include <editline/readline.h>
                               ^
compilation terminated.
configure:13107: $? = 1
configure: failed program was:
| /* confdefs.h */
| #define PACKAGE_NAME "sqlite"
| #define PACKAGE_TARNAME "sqlite"
| #define PACKAGE_VERSION "3.38.5"
| #define PACKAGE_STRING "sqlite 3.38.5"
| #define PACKAGE_BUGREPORT "http://www.sqlite.org"
| #define PACKAGE_URL ""
| #define PACKAGE "sqlite"
| #define VERSION "3.38.5"
| #define _FILE_OFFSET_BITS 64
| #define STDC_HEADERS 1
| #define HAVE_SYS_TYPES_H 1
| #define HAVE_SYS_STAT_H 1
| #define HAVE_STDLIB_H 1
| #define HAVE_STRING_H 1
| #define HAVE_MEMORY_H 1
| #define HAVE_STRINGS_H 1
| #define HAVE_INTTYPES_H 1
| #define HAVE_STDINT_H 1
| #define HAVE_UNISTD_H 1
| #define HAVE_DLFCN_H 1
| #define LT_OBJDIR ".libs/"
| #define HAVE_FDATASYNC 1
| #define HAVE_USLEEP 1
| #define HAVE_LOCALTIME_R 1
| #define HAVE_GMTIME_R 1
| #define HAVE_DECL_STRERROR_R 1
| #define HAVE_STRERROR_R 1
| /* end confdefs.h.  */
| #include <stdio.h>
| #ifdef HAVE_SYS_TYPES_H
| # include <sys/types.h>
| #endif
| #ifdef HAVE_SYS_STAT_H
| # include <sys/stat.h>
| #endif
| #ifdef STDC_HEADERS
| # include <stdlib.h>
| # include <stddef.h>
| #else
| # ifdef HAVE_STDLIB_H
| #  include <stdlib.h>
| # endif
| #endif
| #ifdef HAVE_STRING_H
| # if !defined STDC_HEADERS && defined HAVE_MEMORY_H
| #  include <memory.h>
| # endif
| # include <string.h>
| #endif
| #ifdef HAVE_STRINGS_H
| # include <strings.h>
| #endif
| #ifdef HAVE_INTTYPES_H
| # include <inttypes.h>
| #endif
| #ifdef HAVE_STDINT_H
| # include <stdint.h>
| #endif
| #ifdef HAVE_UNISTD_H
| # include <unistd.h>
| #endif
| #include <editline/readline.h>
configure:13107: result: no
configure:13107: checking editline/readline.h presence
configure:13107: /opt/pu300/host/usr/bin/powerpc-buildroot-linux-uclibcspe-gcc -E  conftest.c
conftest.c:30:31: fatal error: editline/readline.h: No such file or directory
 #include <editline/readline.h>
                               ^
compilation terminated.
configure:13107: $? = 1
configure: failed program was:
| /* confdefs.h */
| #define PACKAGE_NAME "sqlite"
| #define PACKAGE_TARNAME "sqlite"
| #define PACKAGE_VERSION "3.38.5"
| #define PACKAGE_STRING "sqlite 3.38.5"
| #define PACKAGE_BUGREPORT "http://www.sqlite.org"
| #define PACKAGE_URL ""
| #define PACKAGE "sqlite"
| #define VERSION "3.38.5"
| #define _FILE_OFFSET_BITS 64
| #define STDC_HEADERS 1
| #define HAVE_SYS_TYPES_H 1
| #define HAVE_SYS_STAT_H 1
| #define HAVE_STDLIB_H 1
| #define HAVE_STRING_H 1
| #define HAVE_MEMORY_H 1
| #define HAVE_STRINGS_H 1
| #define HAVE_INTTYPES_H 1
| #define HAVE_STDINT_H 1
| #define HAVE_UNISTD_H 1
| #define HAVE_DLFCN_H 1
| #define LT_OBJDIR ".libs/"
| #define HAVE_FDATASYNC 1
| #define HAVE_USLEEP 1
| #define HAVE_LOCALTIME_R 1
| #define HAVE_GMTIME_R 1
| #define HAVE_DECL_STRERROR_R 1
| #define HAVE_STRERROR_R 1
| /* end confdefs.h.  */
| #include <editline/readline.h>
configure:13107: result: no
configure:13107: checking for editline/readline.h
configure:13107: result: no
configure:13191: checking readline/readline.h usability
configure:13191: /opt/pu300/host/usr/bin/powerpc-buildroot-linux-uclibcspe-gcc -c -g -O2  conftest.c >&5
conftest.c:63:31: fatal error: readline/readline.h: No such file or directory
 #include <readline/readline.h>
                               ^
compilation terminated.
configure:13191: $? = 1
configure: failed program was:
| /* confdefs.h */
| #define PACKAGE_NAME "sqlite"
| #define PACKAGE_TARNAME "sqlite"
| #define PACKAGE_VERSION "3.38.5"
| #define PACKAGE_STRING "sqlite 3.38.5"
| #define PACKAGE_BUGREPORT "http://www.sqlite.org"
| #define PACKAGE_URL ""
| #define PACKAGE "sqlite"
| #define VERSION "3.38.5"
| #define _FILE_OFFSET_BITS 64
| #define STDC_HEADERS 1
| #define HAVE_SYS_TYPES_H 1
| #define HAVE_SYS_STAT_H 1
| #define HAVE_STDLIB_H 1
| #define HAVE_STRING_H 1
| #define HAVE_MEMORY_H 1
| #define HAVE_STRINGS_H 1
| #define HAVE_INTTYPES_H 1
| #define HAVE_STDINT_H 1
| #define HAVE_UNISTD_H 1
| #define HAVE_DLFCN_H 1
| #define LT_OBJDIR ".libs/"
| #define HAVE_FDATASYNC 1
| #define HAVE_USLEEP 1
| #define HAVE_LOCALTIME_R 1
| #define HAVE_GMTIME_R 1
| #define HAVE_DECL_STRERROR_R 1
| #define HAVE_STRERROR_R 1
| /* end confdefs.h.  */
| #include <stdio.h>
| #ifdef HAVE_SYS_TYPES_H
| # include <sys/types.h>
| #endif
| #ifdef HAVE_SYS_STAT_H
| # include <sys/stat.h>
| #endif
| #ifdef STDC_HEADERS
| # include <stdlib.h>
| # include <stddef.h>
| #else
| # ifdef HAVE_STDLIB_H
| #  include <stdlib.h>
| # endif
| #endif
| #ifdef HAVE_STRING_H
| # if !defined STDC_HEADERS && defined HAVE_MEMORY_H
| #  include <memory.h>
| # endif
| # include <string.h>
| #endif
| #ifdef HAVE_STRINGS_H
| # include <strings.h>
| #endif
| #ifdef HAVE_INTTYPES_H
| # include <inttypes.h>
| #endif
| #ifdef HAVE_STDINT_H
| # include <stdint.h>
| #endif
| #ifdef HAVE_UNISTD_H
| # include <unistd.h>
| #endif
| #include <readline/readline.h>
configure:13191: result: no
configure:13191: checking readline/readline.h presence
configure:13191: /opt/pu300/host/usr/bin/powerpc-buildroot-linux-uclibcspe-gcc -E  conftest.c
conftest.c:30:31: fatal error: readline/readline.h: No such file or directory
 #include <readline/readline.h>
                               ^
compilation terminated.
configure:13191: $? = 1
configure: failed program was:
| /* confdefs.h */
| #define PACKAGE_NAME "sqlite"
| #define PACKAGE_TARNAME "sqlite"
| #define PACKAGE_VERSION "3.38.5"
| #define PACKAGE_STRING "sqlite 3.38.5"
| #define PACKAGE_BUGREPORT "http://www.sqlite.org"
| #define PACKAGE_URL ""
| #define PACKAGE "sqlite"
| #define VERSION "3.38.5"
| #define _FILE_OFFSET_BITS 64
| #define STDC_HEADERS 1
| #define HAVE_SYS_TYPES_H 1
| #define HAVE_SYS_STAT_H 1
| #define HAVE_STDLIB_H 1
| #define HAVE_STRING_H 1
| #define HAVE_MEMORY_H 1
| #define HAVE_STRINGS_H 1
| #define HAVE_INTTYPES_H 1
| #define HAVE_STDINT_H 1
| #define HAVE_UNISTD_H 1
| #define HAVE_DLFCN_H 1
| #define LT_OBJDIR ".libs/"
| #define HAVE_FDATASYNC 1
| #define HAVE_USLEEP 1
| #define HAVE_LOCALTIME_R 1
| #define HAVE_GMTIME_R 1
| #define HAVE_DECL_STRERROR_R 1
| #define HAVE_STRERROR_R 1
| /* end confdefs.h.  */
| #include <readline/readline.h>
configure:13191: result: no
configure:13191: checking for readline/readline.h
configure:13191: result: no
configure:13342: checking for library containing pthread_create
configure:13373: /opt/pu300/host/usr/bin/powerpc-buildroot-linux-uclibcspe-gcc -o conftest -g -O2   conftest.c  >&5
/tmp/ccKi60P8.o: In function `main':
/mnt/hgfs/LLF/2021/6月/底层/sqlite/sqlite-autoconf-3380500/conftest.c:41: undefined reference to `pthread_create'
collect2: error: ld returned 1 exit status
configure:13373: $? = 1
configure: failed program was:
| /* confdefs.h */
| #define PACKAGE_NAME "sqlite"
| #define PACKAGE_TARNAME "sqlite"
| #define PACKAGE_VERSION "3.38.5"
| #define PACKAGE_STRING "sqlite 3.38.5"
| #define PACKAGE_BUGREPORT "http://www.sqlite.org"
| #define PACKAGE_URL ""
| #define PACKAGE "sqlite"
| #define VERSION "3.38.5"
| #define _FILE_OFFSET_BITS 64
| #define STDC_HEADERS 1
| #define HAVE_SYS_TYPES_H 1
| #define HAVE_SYS_STAT_H 1
| #define HAVE_STDLIB_H 1
| #define HAVE_STRING_H 1
| #define HAVE_MEMORY_H 1
| #define HAVE_STRINGS_H 1
| #define HAVE_INTTYPES_H 1
| #define HAVE_STDINT_H 1
| #define HAVE_UNISTD_H 1
| #define HAVE_DLFCN_H 1
| #define LT_OBJDIR ".libs/"
| #define HAVE_FDATASYNC 1
| #define HAVE_USLEEP 1
| #define HAVE_LOCALTIME_R 1
| #define HAVE_GMTIME_R 1
| #define HAVE_DECL_STRERROR_R 1
| #define HAVE_STRERROR_R 1
| /* end confdefs.h.  */
| 
| /* Override any GCC internal prototype to avoid an error.
|    Use char because int might match the return type of a GCC
|    builtin and then its argument prototype would still apply.  */
| #ifdef __cplusplus
| extern "C"
| #endif
| char pthread_create ();
| int
| main ()
| {
| return pthread_create ();
|   ;
|   return 0;
| }
configure:13373: /opt/pu300/host/usr/bin/powerpc-buildroot-linux-uclibcspe-gcc -o conftest -g -O2   conftest.c -lpthread   >&5
configure:13373: $? = 0
configure:13390: result: -lpthread
configure:13398: checking for library containing pthread_mutexattr_init
configure:13429: /opt/pu300/host/usr/bin/powerpc-buildroot-linux-uclibcspe-gcc -o conftest -g -O2   conftest.c -lpthread  >&5
configure:13429: $? = 0
configure:13446: result: none required
configure:13468: checking for library containing dlopen
configure:13499: /opt/pu300/host/usr/bin/powerpc-buildroot-linux-uclibcspe-gcc -o conftest -g -O2   conftest.c -lpthread  >&5
/opt/pu300/host/usr/bin/../lib/gcc/powerpc-buildroot-linux-uclibcspe/4.9.3/../../../../powerpc-buildroot-linux-uclibcspe/bin/ld: /tmp/ccT6EAqy.o: undefined reference to symbol 'dlopen'
/opt/pu300/host/usr/bin/../powerpc-buildroot-linux-uclibcspe/sysroot/lib32/libdl.so.1: error adding symbols: DSO missing from command line
collect2: error: ld returned 1 exit status
configure:13499: $? = 1
configure: failed program was:
| /* confdefs.h */
| #define PACKAGE_NAME "sqlite"
| #define PACKAGE_TARNAME "sqlite"
| #define PACKAGE_VERSION "3.38.5"
| #define PACKAGE_STRING "sqlite 3.38.5"
| #define PACKAGE_BUGREPORT "http://www.sqlite.org"
| #define PACKAGE_URL ""
| #define PACKAGE "sqlite"
| #define VERSION "3.38.5"
| #define _FILE_OFFSET_BITS 64
| #define STDC_HEADERS 1
| #define HAVE_SYS_TYPES_H 1
| #define HAVE_SYS_STAT_H 1
| #define HAVE_STDLIB_H 1
| #define HAVE_STRING_H 1
| #define HAVE_MEMORY_H 1
| #define HAVE_STRINGS_H 1
| #define HAVE_INTTYPES_H 1
| #define HAVE_STDINT_H 1
| #define HAVE_UNISTD_H 1
| #define HAVE_DLFCN_H 1
| #define LT_OBJDIR ".libs/"
| #define HAVE_FDATASYNC 1
| #define HAVE_USLEEP 1
| #define HAVE_LOCALTIME_R 1
| #define HAVE_GMTIME_R 1
| #define HAVE_DECL_STRERROR_R 1
| #define HAVE_STRERROR_R 1
| /* end confdefs.h.  */
| 
| /* Override any GCC internal prototype to avoid an error.
|    Use char because int might match the return type of a GCC
|    builtin and then its argument prototype would still apply.  */
| #ifdef __cplusplus
| extern "C"
| #endif
| char dlopen ();
| int
| main ()
| {
| return dlopen ();
|   ;
|   return 0;
| }
configure:13499: /opt/pu300/host/usr/bin/powerpc-buildroot-linux-uclibcspe-gcc -o conftest -g -O2   conftest.c -ldl  -lpthread  >&5
configure:13499: $? = 0
configure:13516: result: -ldl
configure:13527: checking for whether to support dynamic extensions
configure:13529: result: yes
configure:13543: checking SQL math functions
configure:13547: result: enabled
configure:13549: checking for library containing ceil
configure:13580: /opt/pu300/host/usr/bin/powerpc-buildroot-linux-uclibcspe-gcc -o conftest -g -O2   conftest.c -ldl -lpthread  >&5
conftest.c:37:6: warning: conflicting types for built-in function 'ceil'
 char ceil ();
      ^
/tmp/ccUsOixH.o: In function `main':
/mnt/hgfs/LLF/2021/6月/底层/sqlite/sqlite-autoconf-3380500/conftest.c:41: undefined reference to `ceil'
collect2: error: ld returned 1 exit status
configure:13580: $? = 1
configure: failed program was:
| /* confdefs.h */
| #define PACKAGE_NAME "sqlite"
| #define PACKAGE_TARNAME "sqlite"
| #define PACKAGE_VERSION "3.38.5"
| #define PACKAGE_STRING "sqlite 3.38.5"
| #define PACKAGE_BUGREPORT "http://www.sqlite.org"
| #define PACKAGE_URL ""
| #define PACKAGE "sqlite"
| #define VERSION "3.38.5"
| #define _FILE_OFFSET_BITS 64
| #define STDC_HEADERS 1
| #define HAVE_SYS_TYPES_H 1
| #define HAVE_SYS_STAT_H 1
| #define HAVE_STDLIB_H 1
| #define HAVE_STRING_H 1
| #define HAVE_MEMORY_H 1
| #define HAVE_STRINGS_H 1
| #define HAVE_INTTYPES_H 1
| #define HAVE_STDINT_H 1
| #define HAVE_UNISTD_H 1
| #define HAVE_DLFCN_H 1
| #define LT_OBJDIR ".libs/"
| #define HAVE_FDATASYNC 1
| #define HAVE_USLEEP 1
| #define HAVE_LOCALTIME_R 1
| #define HAVE_GMTIME_R 1
| #define HAVE_DECL_STRERROR_R 1
| #define HAVE_STRERROR_R 1
| /* end confdefs.h.  */
| 
| /* Override any GCC internal prototype to avoid an error.
|    Use char because int might match the return type of a GCC
|    builtin and then its argument prototype would still apply.  */
| #ifdef __cplusplus
| extern "C"
| #endif
| char ceil ();
| int
| main ()
| {
| return ceil ();
|   ;
|   return 0;
| }
configure:13580: /opt/pu300/host/usr/bin/powerpc-buildroot-linux-uclibcspe-gcc -o conftest -g -O2   conftest.c -lm  -ldl -lpthread  >&5
conftest.c:37:6: warning: conflicting types for built-in function 'ceil'
 char ceil ();
      ^
configure:13580: $? = 0
configure:13597: result: -lm
configure:13621: checking FTS4 extension
configure:13625: result: enabled
configure:13641: checking FTS3 extension
configure:13648: result: disabled
configure:13663: checking FTS5 extension
configure:13666: result: enabled
configure:13668: checking for library containing log
configure:13699: /opt/pu300/host/usr/bin/powerpc-buildroot-linux-uclibcspe-gcc -o conftest -g -O2   conftest.c -lm -ldl -lpthread  >&5
conftest.c:37:6: warning: conflicting types for built-in function 'log'
 char log ();
      ^
configure:13699: $? = 0
configure:13716: result: none required
configure:13741: checking RTREE extension
configure:13745: result: enabled
configure:13761: checking Session extension
configure:13768: result: disabled
configure:13781: checking Build type
configure:13789: result: release
configure:13814: checking for posix_fallocate
configure:13814: /opt/pu300/host/usr/bin/powerpc-buildroot-linux-uclibcspe-gcc -o conftest -g -O2   conftest.c -lm -ldl -lpthread  >&5
configure:13814: $? = 0
configure:13814: result: yes
configure:13825: checking zlib.h usability
configure:13825: /opt/pu300/host/usr/bin/powerpc-buildroot-linux-uclibcspe-gcc -c -g -O2  conftest.c >&5
configure:13825: $? = 0
configure:13825: result: yes
configure:13825: checking zlib.h presence
configure:13825: /opt/pu300/host/usr/bin/powerpc-buildroot-linux-uclibcspe-gcc -E  conftest.c
configure:13825: $? = 0
configure:13825: result: yes
configure:13825: checking for zlib.h
configure:13825: result: yes
configure:13831: checking for library containing deflate
configure:13862: /opt/pu300/host/usr/bin/powerpc-buildroot-linux-uclibcspe-gcc -o conftest -g -O2   conftest.c -lm -ldl -lpthread  >&5
/tmp/ccEYyBO8.o: In function `main':
/mnt/hgfs/LLF/2021/6月/底层/sqlite/sqlite-autoconf-3380500/conftest.c:43: undefined reference to `deflate'
collect2: error: ld returned 1 exit status
configure:13862: $? = 1
configure: failed program was:
| /* confdefs.h */
| #define PACKAGE_NAME "sqlite"
| #define PACKAGE_TARNAME "sqlite"
| #define PACKAGE_VERSION "3.38.5"
| #define PACKAGE_STRING "sqlite 3.38.5"
| #define PACKAGE_BUGREPORT "http://www.sqlite.org"
| #define PACKAGE_URL ""
| #define PACKAGE "sqlite"
| #define VERSION "3.38.5"
| #define _FILE_OFFSET_BITS 64
| #define STDC_HEADERS 1
| #define HAVE_SYS_TYPES_H 1
| #define HAVE_SYS_STAT_H 1
| #define HAVE_STDLIB_H 1
| #define HAVE_STRING_H 1
| #define HAVE_MEMORY_H 1
| #define HAVE_STRINGS_H 1
| #define HAVE_INTTYPES_H 1
| #define HAVE_STDINT_H 1
| #define HAVE_UNISTD_H 1
| #define HAVE_DLFCN_H 1
| #define LT_OBJDIR ".libs/"
| #define HAVE_FDATASYNC 1
| #define HAVE_USLEEP 1
| #define HAVE_LOCALTIME_R 1
| #define HAVE_GMTIME_R 1
| #define HAVE_DECL_STRERROR_R 1
| #define HAVE_STRERROR_R 1
| #define HAVE_POSIX_FALLOCATE 1
| #define HAVE_ZLIB_H 1
| /* end confdefs.h.  */
| 
| /* Override any GCC internal prototype to avoid an error.
|    Use char because int might match the return type of a GCC
|    builtin and then its argument prototype would still apply.  */
| #ifdef __cplusplus
| extern "C"
| #endif
| char deflate ();
| int
| main ()
| {
| return deflate ();
|   ;
|   return 0;
| }
configure:13862: /opt/pu300/host/usr/bin/powerpc-buildroot-linux-uclibcspe-gcc -o conftest -g -O2   conftest.c -lz  -lm -ldl -lpthread  >&5
configure:13862: $? = 0
configure:13879: result: -lz
configure:13893: checking for library containing system
configure:13924: /opt/pu300/host/usr/bin/powerpc-buildroot-linux-uclibcspe-gcc -o conftest -g -O2   conftest.c -lz -lm -ldl -lpthread  >&5
configure:13924: $? = 0
configure:13941: result: none required
configure:14123: checking that generated files are newer than configure
configure:14129: result: done
configure:14156: creating ./config.status

## ---------------------- ##
## Running config.status. ##
## ---------------------- ##

This file was extended by sqlite config.status 3.38.5, which was
generated by GNU Autoconf 2.69.  Invocation command line was

  CONFIG_FILES    = 
  CONFIG_HEADERS  = 
  CONFIG_LINKS    = 
  CONFIG_COMMANDS = 
  $ ./config.status 

on ubuntu

config.status:1014: creating Makefile
config.status:1014: creating sqlite3.pc
config.status:1186: executing depfiles commands
config.status:1186: executing libtool commands

## ---------------- ##
## Cache variables. ##
## ---------------- ##

ac_cv_build=i686-pc-linux-uclibc
ac_cv_c_compiler_gnu=yes
ac_cv_env_CC_set=set
ac_cv_env_CC_value=/opt/pu300/host/usr/bin/powerpc-buildroot-linux-uclibcspe-gcc
ac_cv_env_CFLAGS_set=
ac_cv_env_CFLAGS_value=
ac_cv_env_CPPFLAGS_set=
ac_cv_env_CPPFLAGS_value=
ac_cv_env_CPP_set=
ac_cv_env_CPP_value=
ac_cv_env_LDFLAGS_set=
ac_cv_env_LDFLAGS_value=
ac_cv_env_LIBS_set=
ac_cv_env_LIBS_value=
ac_cv_env_LT_SYS_LIBRARY_PATH_set=
ac_cv_env_LT_SYS_LIBRARY_PATH_value=
ac_cv_env_build_alias_set=
ac_cv_env_build_alias_value=
ac_cv_env_host_alias_set=set
ac_cv_env_host_alias_value=arm-linux
ac_cv_env_target_alias_set=
ac_cv_env_target_alias_value=
ac_cv_func_fdatasync=yes
ac_cv_func_fullfsync=no
ac_cv_func_gmtime_r=yes
ac_cv_func_localtime_r=yes
ac_cv_func_posix_fallocate=yes
ac_cv_func_strerror_r=yes
ac_cv_func_strerror_r_char_p=no
ac_cv_func_usleep=yes
ac_cv_have_decl_strerror_r=yes
ac_cv_header_dlfcn_h=yes
ac_cv_header_editline_readline_h=no
ac_cv_header_inttypes_h=yes
ac_cv_header_memory_h=yes
ac_cv_header_readline_readline_h=no
ac_cv_header_stdc=yes
ac_cv_header_stdint_h=yes
ac_cv_header_stdlib_h=yes
ac_cv_header_string_h=yes
ac_cv_header_strings_h=yes
ac_cv_header_sys_stat_h=yes
ac_cv_header_sys_types_h=yes
ac_cv_header_unistd_h=yes
ac_cv_header_zlib_h=yes
ac_cv_host=arm-unknown-linux-gnu
ac_cv_objext=o
ac_cv_path_EGREP='/bin/grep -E'
ac_cv_path_FGREP='/bin/grep -F'
ac_cv_path_GREP=/bin/grep
ac_cv_path_SED=/bin/sed
ac_cv_path_install='/usr/bin/install -c'
ac_cv_path_lt_DD=/bin/dd
ac_cv_path_mkdir=/bin/mkdir
ac_cv_prog_AWK=mawk
ac_cv_prog_CC=/opt/pu300/host/usr/bin/powerpc-buildroot-linux-uclibcspe-gcc
ac_cv_prog_CPP='/opt/pu300/host/usr/bin/powerpc-buildroot-linux-uclibcspe-gcc -E'
ac_cv_prog_STRIP=strip
ac_cv_prog_ac_ct_AR=ar
ac_cv_prog_ac_ct_DUMPBIN='link -dump'
ac_cv_prog_ac_ct_MANIFEST_TOOL=mt
ac_cv_prog_ac_ct_OBJDUMP=objdump
ac_cv_prog_ac_ct_RANLIB=ranlib
ac_cv_prog_ac_ct_STRIP=strip
ac_cv_prog_cc_c89=
ac_cv_prog_cc_g=yes
ac_cv_prog_make_make_set=yes
ac_cv_search_ceil=-lm
ac_cv_search_deflate=-lz
ac_cv_search_dlopen=-ldl
ac_cv_search_log='none required'
ac_cv_search_pthread_create=-lpthread
ac_cv_search_pthread_mutexattr_init='none required'
ac_cv_search_system='none required'
ac_cv_sys_file_offset_bits=64
ac_cv_sys_largefile_CC=no
am_cv_CC_dependencies_compiler_type=gcc3
am_cv_make_support_nested_variables=yes
am_cv_prog_cc_c_o=yes
lt_cv_ar_at_file=@
lt_cv_archive_cmds_need_lc=no
lt_cv_deplibs_check_method=pass_all
lt_cv_file_magic_cmd='$MAGIC_CMD'
lt_cv_file_magic_test_file=
lt_cv_ld_reload_flag=-r
lt_cv_nm_interface='BSD nm'
lt_cv_objdir=.libs
lt_cv_path_LD=/opt/pu300/host/usr/powerpc-buildroot-linux-uclibcspe/bin/ld
lt_cv_path_NM=no
lt_cv_path_mainfest_tool=no
lt_cv_prog_compiler_c_o=yes
lt_cv_prog_compiler_pic='-fPIC -DPIC'
lt_cv_prog_compiler_pic_works=yes
lt_cv_prog_compiler_rtti_exceptions=no
lt_cv_prog_compiler_static_works=yes
lt_cv_prog_gnu_ld=yes
lt_cv_sharedlib_from_linklib_cmd='printf %s\n'
lt_cv_shlibpath_overrides_runpath=no
lt_cv_sys_global_symbol_pipe='sed -n -e '\''s/^.*[	 ]\([ABCDGIRSTW][ABCDGIRSTW]*\)[	 ][	 ]*\([_A-Za-z][_A-Za-z0-9]*\)$/\1 \2 \2/p'\'' | sed '\''/ __gnu_lto/d'\'''
lt_cv_sys_global_symbol_to_c_name_address='sed -n -e '\''s/^: \(.*\) .*$/  {"\1", (void *) 0},/p'\'' -e '\''s/^[ABCDGIRSTW][ABCDGIRSTW]* .* \(.*\)$/  {"\1", (void *) \&\1},/p'\'''
lt_cv_sys_global_symbol_to_c_name_address_lib_prefix='sed -n -e '\''s/^: \(.*\) .*$/  {"\1", (void *) 0},/p'\'' -e '\''s/^[ABCDGIRSTW][ABCDGIRSTW]* .* \(lib.*\)$/  {"\1", (void *) \&\1},/p'\'' -e '\''s/^[ABCDGIRSTW][ABCDGIRSTW]* .* \(.*\)$/  {"lib\1", (void *) \&\1},/p'\'''
lt_cv_sys_global_symbol_to_cdecl='sed -n -e '\''s/^T .* \(.*\)$/extern int \1();/p'\'' -e '\''s/^[ABCDGIRSTW][ABCDGIRSTW]* .* \(.*\)$/extern char \1;/p'\'''
lt_cv_sys_global_symbol_to_import=
lt_cv_sys_max_cmd_len=1572864
lt_cv_to_host_file_cmd=func_convert_file_noop
lt_cv_to_tool_file_cmd=func_convert_file_noop
lt_cv_truncate_bin='/bin/dd bs=4096 count=1'

## ----------------- ##
## Output variables. ##
## ----------------- ##

ACLOCAL='${SHELL} /mnt/hgfs/LLF/2021/6月/底层/sqlite/sqlite-autoconf-3380500/missing aclocal-1.15'
AMDEPBACKSLASH='\'
AMDEP_FALSE='#'
AMDEP_TRUE=''
AMTAR='$${TAR-tar}'
AM_BACKSLASH='\'
AM_DEFAULT_V='$(AM_DEFAULT_VERBOSITY)'
AM_DEFAULT_VERBOSITY='1'
AM_V='$(V)'
AR='ar'
AUTOCONF='${SHELL} /mnt/hgfs/LLF/2021/6月/底层/sqlite/sqlite-autoconf-3380500/missing autoconf'
AUTOHEADER='${SHELL} /mnt/hgfs/LLF/2021/6月/底层/sqlite/sqlite-autoconf-3380500/missing autoheader'
AUTOMAKE='${SHELL} /mnt/hgfs/LLF/2021/6月/底层/sqlite/sqlite-autoconf-3380500/missing automake-1.15'
AWK='mawk'
BUILD_CFLAGS=' -D_REENTRANT=1 -DSQLITE_THREADSAFE=1 -DSQLITE_ENABLE_MATH_FUNCTIONS -DSQLITE_ENABLE_FTS4 -DSQLITE_ENABLE_FTS5 -DSQLITE_ENABLE_RTREE -DSQLITE_ENABLE_GEOPOLY -DSQLITE_HAVE_ZLIB'
CC='/opt/pu300/host/usr/bin/powerpc-buildroot-linux-uclibcspe-gcc'
CCDEPMODE='depmode=gcc3'
CFLAGS='-g -O2'
CPP='/opt/pu300/host/usr/bin/powerpc-buildroot-linux-uclibcspe-gcc -E'
CPPFLAGS=''
CYGPATH_W='echo'
DEFS='-DPACKAGE_NAME=\"sqlite\" -DPACKAGE_TARNAME=\"sqlite\" -DPACKAGE_VERSION=\"3.38.5\" -DPACKAGE_STRING=\"sqlite\ 3.38.5\" -DPACKAGE_BUGREPORT=\"http://www.sqlite.org\" -DPACKAGE_URL=\"\" -DPACKAGE=\"sqlite\" -DVERSION=\"3.38.5\" -D_FILE_OFFSET_BITS=64 -DSTDC_HEADERS=1 -DHAVE_SYS_TYPES_H=1 -DHAVE_SYS_STAT_H=1 -DHAVE_STDLIB_H=1 -DHAVE_STRING_H=1 -DHAVE_MEMORY_H=1 -DHAVE_STRINGS_H=1 -DHAVE_INTTYPES_H=1 -DHAVE_STDINT_H=1 -DHAVE_UNISTD_H=1 -DHAVE_DLFCN_H=1 -DLT_OBJDIR=\".libs/\" -DHAVE_FDATASYNC=1 -DHAVE_USLEEP=1 -DHAVE_LOCALTIME_R=1 -DHAVE_GMTIME_R=1 -DHAVE_DECL_STRERROR_R=1 -DHAVE_STRERROR_R=1 -DHAVE_POSIX_FALLOCATE=1 -DHAVE_ZLIB_H=1'
DEPDIR='.deps'
DLLTOOL='false'
DSYMUTIL=''
DUMPBIN=':'
ECHO_C=''
ECHO_N='-n'
ECHO_T=''
EGREP='/bin/grep -E'
EXEEXT=''
EXTRA_SHELL_OBJ='sqlite3-sqlite3.o'
FGREP='/bin/grep -F'
GREP='/bin/grep'
INSTALL_DATA='${INSTALL} -m 644'
INSTALL_PROGRAM='${INSTALL}'
INSTALL_SCRIPT='${INSTALL}'
INSTALL_STRIP_PROGRAM='$(install_sh) -c -s'
LD='/opt/pu300/host/usr/powerpc-buildroot-linux-uclibcspe/bin/ld'
LDFLAGS=''
LIBOBJS=''
LIBS='-lz -lm -ldl -lpthread '
LIBTOOL='$(SHELL) $(top_builddir)/libtool'
LIPO=''
LN_S='cp -pR'
LTLIBOBJS=''
LT_SYS_LIBRARY_PATH=''
MAKEINFO='${SHELL} /mnt/hgfs/LLF/2021/6月/底层/sqlite/sqlite-autoconf-3380500/missing makeinfo'
MANIFEST_TOOL=':'
MKDIR_P='/bin/mkdir -p'
NM='nm'
NMEDIT=''
OBJDUMP='objdump'
OBJEXT='o'
OTOOL64=''
OTOOL=''
PACKAGE='sqlite'
PACKAGE_BUGREPORT='http://www.sqlite.org'
PACKAGE_NAME='sqlite'
PACKAGE_STRING='sqlite 3.38.5'
PACKAGE_TARNAME='sqlite'
PACKAGE_URL=''
PACKAGE_VERSION='3.38.5'
PATH_SEPARATOR=':'
RANLIB='ranlib'
READLINE_LIBS=''
SED='/bin/sed'
SET_MAKE=''
SHELL='/bin/bash'
SHELL_CFLAGS=''
STRIP='strip'
VERSION='3.38.5'
ac_ct_AR='ar'
ac_ct_CC=''
ac_ct_DUMPBIN='link -dump'
am__EXEEXT_FALSE=''
am__EXEEXT_TRUE='#'
am__fastdepCC_FALSE='#'
am__fastdepCC_TRUE=''
am__include='include'
am__isrc=''
am__leading_dot='.'
am__nodep='_no'
am__quote=''
am__tar='$${TAR-tar} chof - "$$tardir"'
am__untar='$${TAR-tar} xf -'
bindir='${exec_prefix}/bin'
build='i686-pc-linux-uclibc'
build_alias=''
build_cpu='i686'
build_os='linux-uclibc'
build_vendor='pc'
datadir='${datarootdir}'
datarootdir='${prefix}/share'
docdir='${datarootdir}/doc/${PACKAGE_TARNAME}'
dvidir='${docdir}'
exec_prefix='${prefix}'
host='arm-unknown-linux-gnu'
host_alias='arm-linux'
host_cpu='arm'
host_os='linux-gnu'
host_vendor='unknown'
htmldir='${docdir}'
includedir='${prefix}/include'
infodir='${datarootdir}/info'
install_sh='${SHELL} /mnt/hgfs/LLF/2021/6月/底层/sqlite/sqlite-autoconf-3380500/install-sh'
libdir='${exec_prefix}/lib'
libexecdir='${exec_prefix}/libexec'
localedir='${datarootdir}/locale'
localstatedir='${prefix}/var'
mandir='${datarootdir}/man'
mkdir_p='$(MKDIR_P)'
oldincludedir='/usr/include'
pdfdir='${docdir}'
prefix='/home/vmuser/sqlite3/sqlite'
program_transform_name='s,x,x,'
psdir='${docdir}'
runstatedir='${localstatedir}/run'
sbindir='${exec_prefix}/sbin'
sharedstatedir='${prefix}/com'
sysconfdir='${prefix}/etc'
target_alias=''

## ----------- ##
## confdefs.h. ##
## ----------- ##

/* confdefs.h */
#define PACKAGE_NAME "sqlite"
#define PACKAGE_TARNAME "sqlite"
#define PACKAGE_VERSION "3.38.5"
#define PACKAGE_STRING "sqlite 3.38.5"
#define PACKAGE_BUGREPORT "http://www.sqlite.org"
#define PACKAGE_URL ""
#define PACKAGE "sqlite"
#define VERSION "3.38.5"
#define _FILE_OFFSET_BITS 64
#define STDC_HEADERS 1
#define HAVE_SYS_TYPES_H 1
#define HAVE_SYS_STAT_H 1
#define HAVE_STDLIB_H 1
#define HAVE_STRING_H 1
#define HAVE_MEMORY_H 1
#define HAVE_STRINGS_H 1
#define HAVE_INTTYPES_H 1
#define HAVE_STDINT_H 1
#define HAVE_UNISTD_H 1
#define HAVE_DLFCN_H 1
#define LT_OBJDIR ".libs/"
#define HAVE_FDATASYNC 1
#define HAVE_USLEEP 1
#define HAVE_LOCALTIME_R 1
#define HAVE_GMTIME_R 1
#define HAVE_DECL_STRERROR_R 1
#define HAVE_STRERROR_R 1
#define HAVE_POSIX_FALLOCATE 1
#define HAVE_ZLIB_H 1

configure: exit 0
